<?xml version="1.0" encoding="UTF-8"?>
<!-- Generated by org.testng.reporters.JUnitReportReporter -->
<testsuite hostname="DESKTOP-361V7H7" name="Testcase.PaymentTest" tests="1" failures="0" timestamp="16 May 2021 04:12:55 GMT" time="33.591" errors="0">
  <testcase name="PaymentDebitCardTest" time="33.591" classname="Testcase.PaymentTest"/>
</testsuite> <!-- Testcase.PaymentTest -->
